0 info it worked if it ends with ok
1 verbose cli [ '/Applications/Atom.app/Contents/Resources/app/apm/bin/node',
1 verbose cli   '/Applications/Atom.app/Contents/Resources/app/apm/node_modules/npm/bin/npm-cli.js',
1 verbose cli   '--globalconfig',
1 verbose cli   '/Users/ambethia/.atom/.apm/.apmrc',
1 verbose cli   '--userconfig',
1 verbose cli   '/Users/ambethia/.atom/.apmrc',
1 verbose cli   'install',
1 verbose cli   '--target=0.22.0',
1 verbose cli   '--arch=x64' ]
2 info using npm@2.5.1
3 info using node@v0.10.35
4 error install Couldn't read dependencies
5 verbose stack Error: ENOENT, open '/Users/ambethia/Documents/suncoast.io/package.json'
6 verbose cwd /Users/ambethia/Documents/suncoast.io
7 error Darwin 14.4.0
8 error argv "/Applications/Atom.app/Contents/Resources/app/apm/bin/node" "/Applications/Atom.app/Contents/Resources/app/apm/node_modules/npm/bin/npm-cli.js" "--globalconfig" "/Users/ambethia/.atom/.apm/.apmrc" "--userconfig" "/Users/ambethia/.atom/.apmrc" "install" "--target=0.22.0" "--arch=x64"
9 error node v0.10.35
10 error npm  v2.5.1
11 error path /Users/ambethia/Documents/suncoast.io/package.json
12 error code ENOPACKAGEJSON
13 error errno 34
14 error package.json ENOENT, open '/Users/ambethia/Documents/suncoast.io/package.json'
14 error package.json This is most likely not a problem with npm itself.
14 error package.json npm can't find a package.json file in your current directory.
15 verbose exit [ 34, true ]
